[debug] [2023-06-12T13:13:33.438Z] ----------------------------------------------------------------------
[debug] [2023-06-12T13:13:33.441Z] Command:       C:\Program Files\nodejs\node.exe C:\Program Files\nodejs\node_modules\firebase-tools\lib\bin\firebase.js init
[debug] [2023-06-12T13:13:33.441Z] CLI Version:   12.3.1
[debug] [2023-06-12T13:13:33.442Z] Platform:      win32
[debug] [2023-06-12T13:13:33.442Z] Node Version:  v16.13.0
[debug] [2023-06-12T13:13:33.443Z] Time:          Mon Jun 12 2023 22:13:33 GMT+0900 (日本標準時)
[debug] [2023-06-12T13:13:33.444Z] ----------------------------------------------------------------------
[debug] 
[debug] [2023-06-12T13:13:33.454Z] > command requires scopes: ["email","openid","https://www.googleapis.com/auth/cloudplatformprojects.readonly","https://www.googleapis.com/auth/firebase","https://www.googleapis.com/auth/cloud-platform"]
[debug] [2023-06-12T13:13:33.455Z] > authorizing via signed-in user (contact@bucketrelay.com)
[info] 
     ######## #### ########  ######## ########     ###     ######  ########
     ##        ##  ##     ## ##       ##     ##  ##   ##  ##       ##
     ######    ##  ########  ######   ########  #########  ######  ######
     ##        ##  ##    ##  ##       ##     ## ##     ##       ## ##
     ##       #### ##     ## ######## ########  ##     ##  ######  ########

You're about to initialize a Firebase project in this directory:

  C:\users\conta\desktop\dropbox\_presets\react\yomigana

[info] 
=== Project Setup
[info] 
[info] First, let's associate this project directory with a Firebase project.
[info] You can create multiple project aliases by running firebase use --add, 
[info] but for now we'll just set up a default project.
[info] 
[info] i  If you want to create a project in a Google Cloud organization or folder, please use "firebase projects:create" instead, and return to this command when you've created the project. 
[debug] [2023-06-12T13:14:20.996Z] >>> [apiv2][query] POST https://cloudresourcemanager.googleapis.com/v1/projects [none]
[debug] [2023-06-12T13:14:20.996Z] >>> [apiv2][body] POST https://cloudresourcemanager.googleapis.com/v1/projects {"projectId":"YomiganaConverter3","name":"YomiganaConverter3"}
[debug] [2023-06-12T13:14:21.204Z] <<< [apiv2][status] POST https://cloudresourcemanager.googleapis.com/v1/projects 400
[debug] [2023-06-12T13:14:21.204Z] <<< [apiv2][body] POST https://cloudresourcemanager.googleapis.com/v1/projects {"error":{"code":400,"message":"field [project_id] has issue [project_id contains invalid characters]","status":"INVALID_ARGUMENT","details":[{"@type":"type.googleapis.com/google.rpc.BadRequest","fieldViolations":[{"field":"project_id","description":"project_id contains invalid characters"}]},{"@type":"type.googleapis.com/google.rpc.Help","links":[{"url":"https://cloud.google.com/resource-manager/reference/rest/v1/projects"}]}]}}
[debug] [2023-06-12T13:14:21.296Z] FirebaseError: HTTP Error: 400, field [project_id] has issue [project_id contains invalid characters]
    at responseToError (C:\Users\conta\AppData\Roaming\nvm\v16.13.0\node_modules\firebase-tools\lib\responseToError.js:49:12)
    at RetryOperation._fn (C:\Users\conta\AppData\Roaming\nvm\v16.13.0\node_modules\firebase-tools\lib\apiv2.js:288:77)
    at processTicksAndRejections (node:internal/process/task_queues:96:5)
[error] 
[error] Error: Failed to create project. See firebase-debug.log for more info.
[debug] [2023-06-12T13:14:39.290Z] ----------------------------------------------------------------------
[debug] [2023-06-12T13:14:39.292Z] Command:       C:\Program Files\nodejs\node.exe C:\Program Files\nodejs\node_modules\firebase-tools\lib\bin\firebase.js init
[debug] [2023-06-12T13:14:39.293Z] CLI Version:   12.3.1
[debug] [2023-06-12T13:14:39.293Z] Platform:      win32
[debug] [2023-06-12T13:14:39.294Z] Node Version:  v16.13.0
[debug] [2023-06-12T13:14:39.295Z] Time:          Mon Jun 12 2023 22:14:39 GMT+0900 (日本標準時)
[debug] [2023-06-12T13:14:39.295Z] ----------------------------------------------------------------------
[debug] 
[debug] [2023-06-12T13:14:39.306Z] > command requires scopes: ["email","openid","https://www.googleapis.com/auth/cloudplatformprojects.readonly","https://www.googleapis.com/auth/firebase","https://www.googleapis.com/auth/cloud-platform"]
[debug] [2023-06-12T13:14:39.307Z] > authorizing via signed-in user (contact@bucketrelay.com)
[info] 
     ######## #### ########  ######## ########     ###     ######  ########
     ##        ##  ##     ## ##       ##     ##  ##   ##  ##       ##
     ######    ##  ########  ######   ########  #########  ######  ######
     ##        ##  ##    ##  ##       ##     ## ##     ##       ## ##
     ##       #### ##     ## ######## ########  ##     ##  ######  ########

You're about to initialize a Firebase project in this directory:

  C:\users\conta\desktop\dropbox\_presets\react\yomigana

[info] 
=== Project Setup
[info] 
[info] First, let's associate this project directory with a Firebase project.
[info] You can create multiple project aliases by running firebase use --add, 
[info] but for now we'll just set up a default project.
[info] 
[info] i  If you want to create a project in a Google Cloud organization or folder, please use "firebase projects:create" instead, and return to this command when you've created the project. 
[debug] [2023-06-12T13:15:04.572Z] >>> [apiv2][query] POST https://cloudresourcemanager.googleapis.com/v1/projects [none]
[debug] [2023-06-12T13:15:04.572Z] >>> [apiv2][body] POST https://cloudresourcemanager.googleapis.com/v1/projects {"projectId":"YomiganaConverter3","name":"YomiganaCOnverter3"}
[debug] [2023-06-12T13:15:05.209Z] <<< [apiv2][status] POST https://cloudresourcemanager.googleapis.com/v1/projects 400
[debug] [2023-06-12T13:15:05.209Z] <<< [apiv2][body] POST https://cloudresourcemanager.googleapis.com/v1/projects {"error":{"code":400,"message":"field [project_id] has issue [project_id contains invalid characters]","status":"INVALID_ARGUMENT","details":[{"@type":"type.googleapis.com/google.rpc.BadRequest","fieldViolations":[{"field":"project_id","description":"project_id contains invalid characters"}]},{"@type":"type.googleapis.com/google.rpc.Help","links":[{"url":"https://cloud.google.com/resource-manager/reference/rest/v1/projects"}]}]}}
[debug] [2023-06-12T13:15:05.307Z] FirebaseError: HTTP Error: 400, field [project_id] has issue [project_id contains invalid characters]
    at responseToError (C:\Users\conta\AppData\Roaming\nvm\v16.13.0\node_modules\firebase-tools\lib\responseToError.js:49:12)
    at RetryOperation._fn (C:\Users\conta\AppData\Roaming\nvm\v16.13.0\node_modules\firebase-tools\lib\apiv2.js:288:77)
    at processTicksAndRejections (node:internal/process/task_queues:96:5)
[error] 
[error] Error: Failed to create project. See firebase-debug.log for more info.
[debug] [2023-06-12T13:16:19.771Z] ----------------------------------------------------------------------
[debug] [2023-06-12T13:16:19.774Z] Command:       C:\Program Files\nodejs\node.exe C:\Program Files\nodejs\node_modules\firebase-tools\lib\bin\firebase.js init
[debug] [2023-06-12T13:16:19.775Z] CLI Version:   12.3.1
[debug] [2023-06-12T13:16:19.775Z] Platform:      win32
[debug] [2023-06-12T13:16:19.775Z] Node Version:  v16.13.0
[debug] [2023-06-12T13:16:19.776Z] Time:          Mon Jun 12 2023 22:16:19 GMT+0900 (日本標準時)
[debug] [2023-06-12T13:16:19.777Z] ----------------------------------------------------------------------
[debug] 
[debug] [2023-06-12T13:16:19.787Z] > command requires scopes: ["email","openid","https://www.googleapis.com/auth/cloudplatformprojects.readonly","https://www.googleapis.com/auth/firebase","https://www.googleapis.com/auth/cloud-platform"]
[debug] [2023-06-12T13:16:19.788Z] > authorizing via signed-in user (contact@bucketrelay.com)
[info] 
     ######## #### ########  ######## ########     ###     ######  ########
     ##        ##  ##     ## ##       ##     ##  ##   ##  ##       ##
     ######    ##  ########  ######   ########  #########  ######  ######
     ##        ##  ##    ##  ##       ##     ## ##     ##       ## ##
     ##       #### ##     ## ######## ########  ##     ##  ######  ########

You're about to initialize a Firebase project in this directory:

  C:\users\conta\desktop\dropbox\_presets\react\yomigana

[info] 
=== Project Setup
[info] 
[info] First, let's associate this project directory with a Firebase project.
[info] You can create multiple project aliases by running firebase use --add, 
[info] but for now we'll just set up a default project.
[info] 
[info] i  If you want to create a project in a Google Cloud organization or folder, please use "firebase projects:create" instead, and return to this command when you've created the project. 
[debug] [2023-06-12T13:16:53.900Z] >>> [apiv2][query] POST https://cloudresourcemanager.googleapis.com/v1/projects [none]
[debug] [2023-06-12T13:16:53.901Z] >>> [apiv2][body] POST https://cloudresourcemanager.googleapis.com/v1/projects {"projectId":"yomiganaconverterreact","name":"yomiganaconverterreact"}
[debug] [2023-06-12T13:16:54.905Z] <<< [apiv2][status] POST https://cloudresourcemanager.googleapis.com/v1/projects 200
[debug] [2023-06-12T13:16:54.905Z] <<< [apiv2][body] POST https://cloudresourcemanager.googleapis.com/v1/projects {"name":"operations/cp.5245265025666261082"}
[debug] [2023-06-12T13:16:54.906Z] >>> [apiv2][query] GET https://cloudresourcemanager.googleapis.com/v1/operations/cp.5245265025666261082 [none]
[debug] [2023-06-12T13:16:55.805Z] <<< [apiv2][status] GET https://cloudresourcemanager.googleapis.com/v1/operations/cp.5245265025666261082 200
[debug] [2023-06-12T13:16:55.806Z] <<< [apiv2][body] GET https://cloudresourcemanager.googleapis.com/v1/operations/cp.5245265025666261082 {"name":"operations/cp.5245265025666261082"}
[debug] [2023-06-12T13:16:56.306Z] [Project Creation Poller] Retrying task index 0
[debug] [2023-06-12T13:16:56.307Z] >>> [apiv2][query] GET https://cloudresourcemanager.googleapis.com/v1/operations/cp.5245265025666261082 [none]
[debug] [2023-06-12T13:16:57.325Z] <<< [apiv2][status] GET https://cloudresourcemanager.googleapis.com/v1/operations/cp.5245265025666261082 200
[debug] [2023-06-12T13:16:57.325Z] <<< [apiv2][body] GET https://cloudresourcemanager.googleapis.com/v1/operations/cp.5245265025666261082 {"name":"operations/cp.5245265025666261082"}
[debug] [2023-06-12T13:16:58.326Z] [Project Creation Poller] Retrying task index 0
[debug] [2023-06-12T13:16:58.326Z] >>> [apiv2][query] GET https://cloudresourcemanager.googleapis.com/v1/operations/cp.5245265025666261082 [none]
[debug] [2023-06-12T13:16:59.214Z] <<< [apiv2][status] GET https://cloudresourcemanager.googleapis.com/v1/operations/cp.5245265025666261082 200
[debug] [2023-06-12T13:16:59.214Z] <<< [apiv2][body] GET https://cloudresourcemanager.googleapis.com/v1/operations/cp.5245265025666261082 {"name":"operations/cp.5245265025666261082","metadata":{"@type":"type.googleapis.com/google.cloudresourcemanager.v1.ProjectCreationStatus","gettable":true,"ready":true},"done":true,"response":{"@type":"type.googleapis.com/google.cloudresourcemanager.v1.Project","projectNumber":"420706414004","projectId":"yomiganaconverterreact","lifecycleState":"ACTIVE","name":"yomiganaconverterreact","createTime":"2023-06-12T13:16:49.660Z","parent":{"type":"organization","id":"850516265518"}}}
[debug] [2023-06-12T13:16:59.216Z] >>> [apiv2][query] POST https://firebase.googleapis.com/v1beta1/projects/yomiganaconverterreact:addFirebase [none]
[debug] [2023-06-12T13:17:00.495Z] <<< [apiv2][status] POST https://firebase.googleapis.com/v1beta1/projects/yomiganaconverterreact:addFirebase 403
[debug] [2023-06-12T13:17:00.496Z] <<< [apiv2][body] POST https://firebase.googleapis.com/v1beta1/projects/yomiganaconverterreact:addFirebase {"error":{"code":403,"message":"The caller does not have permission","status":"PERMISSION_DENIED"}}
[debug] [2023-06-12T13:17:00.496Z] HTTP Error: 403, The caller does not have permission
[debug] [2023-06-12T13:17:00.631Z] FirebaseError: HTTP Error: 403, The caller does not have permission
    at responseToError (C:\Users\conta\AppData\Roaming\nvm\v16.13.0\node_modules\firebase-tools\lib\responseToError.js:49:12)
    at RetryOperation._fn (C:\Users\conta\AppData\Roaming\nvm\v16.13.0\node_modules\firebase-tools\lib\apiv2.js:288:77)
    at processTicksAndRejections (node:internal/process/task_queues:96:5)
[error] 
[error] Error: Failed to add Firebase to Google Cloud Platform project. See firebase-debug.log for more info.
[debug] [2023-06-12T13:20:09.481Z] ----------------------------------------------------------------------
[debug] [2023-06-12T13:20:09.484Z] Command:       C:\Program Files\nodejs\node.exe C:\Program Files\nodejs\node_modules\firebase-tools\lib\bin\firebase.js init
[debug] [2023-06-12T13:20:09.485Z] CLI Version:   12.3.1
[debug] [2023-06-12T13:20:09.485Z] Platform:      win32
[debug] [2023-06-12T13:20:09.486Z] Node Version:  v16.13.0
[debug] [2023-06-12T13:20:09.487Z] Time:          Mon Jun 12 2023 22:20:09 GMT+0900 (日本標準時)
[debug] [2023-06-12T13:20:09.487Z] ----------------------------------------------------------------------
[debug] 
[debug] [2023-06-12T13:20:09.497Z] > command requires scopes: ["email","openid","https://www.googleapis.com/auth/cloudplatformprojects.readonly","https://www.googleapis.com/auth/firebase","https://www.googleapis.com/auth/cloud-platform"]
[debug] [2023-06-12T13:20:09.498Z] > authorizing via signed-in user (contact@bucketrelay.com)
[info] 
     ######## #### ########  ######## ########     ###     ######  ########
     ##        ##  ##     ## ##       ##     ##  ##   ##  ##       ##
     ######    ##  ########  ######   ########  #########  ######  ######
     ##        ##  ##    ##  ##       ##     ## ##     ##       ## ##
     ##       #### ##     ## ######## ########  ##     ##  ######  ########

You're about to initialize a Firebase project in this directory:

  C:\users\conta\desktop\dropbox\_presets\react\yomigana

[info] 
=== Project Setup
[info] 
[info] First, let's associate this project directory with a Firebase project.
[info] You can create multiple project aliases by running firebase use --add, 
[info] but for now we'll just set up a default project.
[info] 
[debug] [2023-06-12T13:20:19.043Z] >>> [apiv2][query] GET https://firebase.googleapis.com/v1beta1/projects pageSize=100
[debug] [2023-06-12T13:20:19.759Z] <<< [apiv2][status] GET https://firebase.googleapis.com/v1beta1/projects 200
[debug] [2023-06-12T13:20:19.759Z] <<< [apiv2][body] GET https://firebase.googleapis.com/v1beta1/projects [omitted]
[info] i  Using project yomiganaconverterreact (yomiganaconverterreact) 
[info] 
=== Hosting Setup
[info] 
[info] Your public directory is the folder (relative to your project directory) that
[info] will contain Hosting assets to be uploaded with firebase deploy. If you
[info] have a build process for your assets, use your build's output directory.
[info] 
[debug] [2023-06-12T13:20:49.422Z] >>> [apiv2][query] GET https://www.gstatic.com/firebasejs/releases.json [none]
[debug] [2023-06-12T13:20:49.520Z] <<< [apiv2][status] GET https://www.gstatic.com/firebasejs/releases.json 200
[debug] [2023-06-12T13:20:49.521Z] <<< [apiv2][body] GET https://www.gstatic.com/firebasejs/releases.json {"current":{"version":"9.22.2","browserURL":"https://www.gstatic.com/firebasejs/9.22.2/firebase.js","packageURL":"https://www.gstatic.com/firebasejs/9.22.2/firebase.tgz"},"live":{"version":"9.22","browserURL":"https://www.gstatic.com/firebasejs/live/9.22/firebase.js","packageURL":"https://www.gstatic.com/firebasejs/live/9.22/firebase.tgz"},"components":{"analytics":"https://www.gstatic.com/firebasejs/9.22.2/firebase-analytics.js","app":"https://www.gstatic.com/firebasejs/9.22.2/firebase-app.js","app-check":"https://www.gstatic.com/firebasejs/9.22.2/firebase-app-check.js","auth":"https://www.gstatic.com/firebasejs/9.22.2/firebase-auth.js","auth/cordova":"https://www.gstatic.com/firebasejs/9.22.2/firebase-auth/cordova.js","auth/react-native":"https://www.gstatic.com/firebasejs/9.22.2/firebase-auth/react-native.js","functions":"https://www.gstatic.com/firebasejs/9.22.2/firebase-functions.js","firestore":"https://www.gstatic.com/firebasejs/9.22.2/firebase-firestore.js","firestore/lite":"https://www.gstatic.com/firebasejs/9.22.2/firebase-firestore/lite.js","installations":"https://www.gstatic.com/firebasejs/9.22.2/firebase-installations.js","storage":"https://www.gstatic.com/firebasejs/9.22.2/firebase-storage.js","performance":"https://www.gstatic.com/firebasejs/9.22.2/firebase-performance.js","remote-config":"https://www.gstatic.com/firebasejs/9.22.2/firebase-remote-config.js","messaging":"https://www.gstatic.com/firebasejs/9.22.2/firebase-messaging.js","messaging/sw":"https://www.gstatic.com/firebasejs/9.22.2/firebase-messaging/sw.js","database":"https://www.gstatic.com/firebasejs/9.22.2/firebase-database.js","firestore.memory":"https://www.gstatic.com/firebasejs/9.22.2/firebase-firestore.memory.js"}}
[info] +  Wrote public/index.html 
[info] 
[info] i  Detected a .git folder at C:\users\conta\desktop\dropbox\_presets\react\yomigana 
[info] i  Authorizing with GitHub to upload your service account to a GitHub repository's secrets store. 
[info] 
[info] Visit this URL on this device to log in:
[info] https://github.com/login/oauth/authorize?client_id=89cf50f02ac6aaed3484&state=687610481&redirect_uri=http%3A%2F%2Flocalhost%3A9005&scope=read%3Auser%20repo%20public_repo
[info] 
[info] Waiting for authentication...
[debug] [2023-06-12T13:21:06.229Z] >>> [apiv2][query] POST https://github.com/login/oauth/access_token [none]
[debug] [2023-06-12T13:21:06.229Z] >>> [apiv2][body] POST https://github.com/login/oauth/access_token [stream]
[debug] [2023-06-12T13:21:06.498Z] <<< [apiv2][status] POST https://github.com/login/oauth/access_token 200
[debug] [2023-06-12T13:21:06.498Z] <<< [apiv2][body] POST https://github.com/login/oauth/access_token {"access_token":"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","token_type":"bearer","scope":"read:user,repo"}
[debug] [2023-06-12T13:21:06.513Z] >>> [apiv2][query] GET https://api.github.com/user [none]
[debug] [2023-06-12T13:21:06.973Z] <<< [apiv2][status] GET https://api.github.com/user 200
[debug] [2023-06-12T13:21:06.973Z] <<< [apiv2][body] GET https://api.github.com/user {"login":"Jun-Murakami","id":126404131,"node_id":"U_kgDOB4jGIw","avatar_url":"https://avatars.githubusercontent.com/u/126404131?v=4","gravatar_id":"","url":"https://api.github.com/users/Jun-Murakami","html_url":"https://github.com/Jun-Murakami","followers_url":"https://api.github.com/users/Jun-Murakami/followers","following_url":"https://api.github.com/users/Jun-Murakami/following{/other_user}","gists_url":"https://api.github.com/users/Jun-Murakami/gists{/gist_id}","starred_url":"https://api.github.com/users/Jun-Murakami/starred{/owner}{/repo}","subscriptions_url":"https://api.github.com/users/Jun-Murakami/subscriptions","organizations_url":"https://api.github.com/users/Jun-Murakami/orgs","repos_url":"https://api.github.com/users/Jun-Murakami/repos","events_url":"https://api.github.com/users/Jun-Murakami/events{/privacy}","received_events_url":"https://api.github.com/users/Jun-Murakami/received_events","type":"User","site_admin":false,"name":"Jun Murakami","company":null,"blog":"","location":null,"email":null,"hireable":null,"bio":null,"twitter_username":"jun_murakami","public_repos":4,"public_gists":0,"followers":1,"following":0,"created_at":"2023-02-26T15:08:46Z","updated_at":"2023-05-07T13:02:30Z","private_gists":0,"total_private_repos":8,"owned_private_repos":8,"disk_usage":25102,"collaborators":0,"two_factor_authentication":false,"plan":{"name":"free","space":976562499,"collaborators":0,"private_repos":10000}}
[info] 
[info] +  Success! Logged into GitHub as Jun-Murakami 
[info] 
[debug] [2023-06-12T13:22:15.606Z] >>> [apiv2][query] GET https://api.github.com/repos/y/actions/secrets/public-key type=owner
[debug] [2023-06-12T13:22:15.836Z] <<< [apiv2][status] GET https://api.github.com/repos/y/actions/secrets/public-key 404
[debug] [2023-06-12T13:22:15.836Z] <<< [apiv2][body] GET https://api.github.com/repos/y/actions/secrets/public-key {"message":"Not Found","documentation_url":"https://docs.github.com/rest"}
[info] 
[info] 
[error] !  The provided authorization cannot be used with this repository. If this repository is in an organization, did you remember to grant access? 
[info] 
[info] i  Action required: Visit this URL to ensure access has been granted to the appropriate organization(s) for the Firebase CLI GitHub OAuth App: 
[info] https://github.com/settings/connections/applications/89cf50f02ac6aaed3484
[info] 
[debug] [2023-06-12T13:22:21.453Z] >>> [apiv2][query] GET https://api.github.com/repos/user/actions/secrets/public-key type=owner
[debug] [2023-06-12T13:22:21.675Z] <<< [apiv2][status] GET https://api.github.com/repos/user/actions/secrets/public-key 404
[debug] [2023-06-12T13:22:21.676Z] <<< [apiv2][body] GET https://api.github.com/repos/user/actions/secrets/public-key {"message":"Not Found","documentation_url":"https://docs.github.com/rest"}
[info] 
[info] 
[error] !  The provided authorization cannot be used with this repository. If this repository is in an organization, did you remember to grant access? 
[info] 
[info] i  Action required: Visit this URL to ensure access has been granted to the appropriate organization(s) for the Firebase CLI GitHub OAuth App: 
[info] https://github.com/settings/connections/applications/89cf50f02ac6aaed3484
[info] 
[debug] [2023-06-12T13:22:34.685Z] >>> [apiv2][query] GET https://api.github.com/repos/repository/actions/secrets/public-key type=owner
[debug] [2023-06-12T13:22:34.911Z] <<< [apiv2][status] GET https://api.github.com/repos/repository/actions/secrets/public-key 404
[debug] [2023-06-12T13:22:34.911Z] <<< [apiv2][body] GET https://api.github.com/repos/repository/actions/secrets/public-key {"message":"Not Found","documentation_url":"https://docs.github.com/rest"}
[info] 
[info] 
[error] !  The provided authorization cannot be used with this repository. If this repository is in an organization, did you remember to grant access? 
[info] 
[info] i  Action required: Visit this URL to ensure access has been granted to the appropriate organization(s) for the Firebase CLI GitHub OAuth App: 
[info] https://github.com/settings/connections/applications/89cf50f02ac6aaed3484
[info] 
[debug] [2023-06-12T13:22:38.429Z] >>> [apiv2][query] GET https://api.github.com/repos/y/actions/secrets/public-key type=owner
[debug] [2023-06-12T13:22:38.652Z] <<< [apiv2][status] GET https://api.github.com/repos/y/actions/secrets/public-key 404
[debug] [2023-06-12T13:22:38.652Z] <<< [apiv2][body] GET https://api.github.com/repos/y/actions/secrets/public-key {"message":"Not Found","documentation_url":"https://docs.github.com/rest"}
[info] 
[info] 
[error] !  The provided authorization cannot be used with this repository. If this repository is in an organization, did you remember to grant access? 
[info] 
[info] i  Action required: Visit this URL to ensure access has been granted to the appropriate organization(s) for the Firebase CLI GitHub OAuth App: 
[info] https://github.com/settings/connections/applications/89cf50f02ac6aaed3484
[info] 
[debug] [2023-06-12T13:24:02.013Z] >>> [apiv2][query] GET https://api.github.com/repos/repository/actions/secrets/public-key type=owner
[debug] [2023-06-12T13:24:02.220Z] <<< [apiv2][status] GET https://api.github.com/repos/repository/actions/secrets/public-key 401
[debug] [2023-06-12T13:24:02.220Z] <<< [apiv2][body] GET https://api.github.com/repos/repository/actions/secrets/public-key {"message":"Bad credentials","documentation_url":"https://docs.github.com/rest"}
[debug] [2023-06-12T13:26:42.669Z] >>> [apiv2][query] GET https://api.github.com/repos//actions/secrets/public-key type=owner
[debug] [2023-06-12T13:26:42.887Z] <<< [apiv2][status] GET https://api.github.com/repos//actions/secrets/public-key 401
[debug] [2023-06-12T13:26:42.887Z] <<< [apiv2][body] GET https://api.github.com/repos//actions/secrets/public-key {"message":"Bad credentials","documentation_url":"https://docs.github.com/rest"}
[debug] [2023-06-12T13:26:46.206Z] >>> [apiv2][query] GET https://api.github.com/repos/user/actions/secrets/public-key type=owner
[debug] [2023-06-12T13:26:46.408Z] <<< [apiv2][status] GET https://api.github.com/repos/user/actions/secrets/public-key 401
[debug] [2023-06-12T13:26:46.408Z] <<< [apiv2][body] GET https://api.github.com/repos/user/actions/secrets/public-key {"message":"Bad credentials","documentation_url":"https://docs.github.com/rest"}
